1678695249690	geckodriver	INFO	Listening on 127.0.0.1:55072
1678695252801	mozrunner::runner	INFO	Running command: "C:\\Program Files\\Mozilla Firefox\\firefox.exe" "--marionette" "--remote-debugging-port" "55073" "--remote-allow-hosts" "localhost" "-no-remote" "-profile" "C:\\Users\\Amir\\AppData\\Local\\Temp\\rust_mozprofilecfQk2X"
1678695299226	geckodriver	INFO	Listening on 127.0.0.1:55175
1678695302247	mozrunner::runner	INFO	Running command: "C:\\Program Files\\Mozilla Firefox\\firefox.exe" "--marionette" "--remote-debugging-port" "55176" "--remote-allow-hosts" "localhost" "-no-remote" "-profile" "C:\\Users\\Amir\\AppData\\Local\\Temp\\rust_mozprofilePz8VZM"
console.warn: services.settings: Ignoring preference override of remote settings server
console.warn: services.settings: Allow by setting MOZ_REMOTE_SETTINGS_DEVTOOLS=1 in the environment
1678695302714	Marionette	INFO	Marionette enabled
Dynamically enable window occlusion 0
1678695302722	Marionette	INFO	Listening on port 55185
Read port: 55185
WebDriver BiDi listening on ws://127.0.0.1:55176
1678695302889	RemoteAgent	WARN	TLS certificate errors will be ignored for this session
console.warn: SearchSettings: "get: No settings file exists, new profile?" (new NotFoundError("Could not open the file at C:\\Users\\Amir\\AppData\\Local\\Temp\\rust_mozprofilePz8VZM\\search.json.mozlz4", (void 0)))
DevTools listening on ws://127.0.0.1:55176/devtools/browser/62d29ecc-ac15-4139-8bc1-40ae39d5912f
JavaScript warning: https://static.cdninstagram.com/rsrc.php/v3if8t4/yO/l/en_US/KtauPKWuhwo.js?_nc_x=Ij3Wp8lg5Kz, line 28: WEBGL_debug_renderer_info is deprecated in Firefox and will be removed. Please use RENDERER.
JavaScript error: https://static.cdninstagram.com/rsrc.php/v3idfH4/yy/l/en_US/A-c1X1sA9cx.js?_nc_x=Ij3Wp8lg5Kz, line 997: Error: not eligible for FB login
1678695315116	Marionette	INFO	Stopped listening on port 55185
Dynamically enable window occlusion 1
WARNING: A blocker encountered an error while we were waiting.
          Blocker:  Waiting for ping task
          Phase: TelemetryController: Waiting for pending ping activity
          State: (none)
WARNING: Error: Phase "profile-before-change" is finished, it is too late to register completion condition "OS.File: flush I/O queued before profileBeforeChange"
WARNING: addBlocker@resource://gre/modules/AsyncShutdown.sys.mjs:727:15
addBlocker@resource://gre/modules/AsyncShutdown.sys.mjs:523:26
addBlocker@resource://gre/modules/AsyncShutdown.sys.mjs:458:15
setupShutdown@resource://gre/modules/osfile/osfile_async_front.jsm:1548:28
@resource://gre/modules/osfile/osfile_async_front.jsm:1568:16
@resource://gre/modules/osfile.jsm:12:30
@resource://gre/modules/TelemetryStorage.sys.mjs:10:28
_checkPendingPings@resource://gre/modules/TelemetrySend.sys.mjs:863:17
setup@resource://gre/modules/TelemetrySend.sys.mjs:803:18
setup@resource://gre/modules/TelemetrySend.sys.mjs:241:30
setupTelemetry/this._delayedInitTask<@resource://gre/modules/TelemetryControllerParent.sys.mjs:829:36
observe@resource://gre/modules/AsyncShutdown.sys.mjs:576:16

WARNING: A blocker encountered an error while we were waiting.
          Blocker:  Waiting for ping task
          Phase: TelemetryController: Waiting for pending ping activity
          State: (none)
WARNING: Error: Phase "profile-before-change" is finished, it is too late to register completion condition "OS.File: flush I/O queued before profileBeforeChange"
WARNING: addBlocker@resource://gre/modules/AsyncShutdown.sys.mjs:727:15
addBlocker@resource://gre/modules/AsyncShutdown.sys.mjs:523:26
addBlocker@resource://gre/modules/AsyncShutdown.sys.mjs:458:15
setupShutdown@resource://gre/modules/osfile/osfile_async_front.jsm:1548:28
@resource://gre/modules/osfile/osfile_async_front.jsm:1568:16
@resource://gre/modules/osfile.jsm:12:30
@resource://gre/modules/TelemetryStorage.sys.mjs:10:28
_checkPendingPings@resource://gre/modules/TelemetrySend.sys.mjs:863:17
setup@resource://gre/modules/TelemetrySend.sys.mjs:803:18
setup@resource://gre/modules/TelemetrySend.sys.mjs:241:30
setupTelemetry/this._delayedInitTask<@resource://gre/modules/TelemetryControllerParent.sys.mjs:829:36
observe@resource://gre/modules/AsyncShutdown.sys.mjs:576:16

WARNING: A blocker encountered an error while we were waiting.
          Blocker:  Waiting for ping task
          Phase: TelemetryController: Waiting for pending ping activity
          State: (none)
WARNING: Error: Phase "profile-before-change" is finished, it is too late to register completion condition "OS.File: flush I/O queued before profileBeforeChange"
WARNING: addBlocker@resource://gre/modules/AsyncShutdown.sys.mjs:727:15
addBlocker@resource://gre/modules/AsyncShutdown.sys.mjs:523:26
addBlocker@resource://gre/modules/AsyncShutdown.sys.mjs:458:15
setupShutdown@resource://gre/modules/osfile/osfile_async_front.jsm:1548:28
@resource://gre/modules/osfile/osfile_async_front.jsm:1568:16
@resource://gre/modules/osfile.jsm:12:30
@resource://gre/modules/TelemetryStorage.sys.mjs:10:28
_checkPendingPings@resource://gre/modules/TelemetrySend.sys.mjs:863:17
setup@resource://gre/modules/TelemetrySend.sys.mjs:803:18
setup@resource://gre/modules/TelemetrySend.sys.mjs:241:30
setupTelemetry/this._delayedInitTask<@resource://gre/modules/TelemetryControllerParent.sys.mjs:829:36
observe@resource://gre/modules/AsyncShutdown.sys.mjs:576:16

WARNING: A blocker encountered an error while we were waiting.
          Blocker:  TelemetryController: shutting down
          Phase: profile-before-change-telemetry
          State: Error getting state: Error: Phase "profile-before-change" is finished, it is too late to register completion condition "OS.File: flush I/O queued before profileBeforeChange" at addBlocker@resource://gre/modules/AsyncShutdown.sys.mjs:727:15
addBlocker@resource://gre/modules/AsyncShutdown.sys.mjs:523:26
addBlocker@resource://gre/modules/AsyncShutdown.sys.mjs:458:15
setupShutdown@resource://gre/modules/osfile/osfile_async_front.jsm:1548:28
@resource://gre/modules/osfile/osfile_async_front.jsm:1568:16
@resource://gre/modules/osfile.jsm:12:30
@resource://gre/modules/TelemetryStorage.sys.mjs:10:28
_checkPendingPings@resource://gre/modules/TelemetrySend.sys.mjs:863:17
setup@resource://gre/modules/TelemetrySend.sys.mjs:803:18
setup@resource://gre/modules/TelemetrySend.sys.mjs:241:30
setupTelemetry/this._delayedInitTask<@resource://gre/modules/TelemetryControllerParent.sys.mjs:829:36
observe@resource://gre/modules/AsyncShutdown.sys.mjs:576:16

WARNING: Error: Phase "profile-before-change" is finished, it is too late to register completion condition "OS.File: flush I/O queued before profileBeforeChange"
WARNING: addBlocker@resource://gre/modules/AsyncShutdown.sys.mjs:727:15
addBlocker@resource://gre/modules/AsyncShutdown.sys.mjs:523:26
addBlocker@resource://gre/modules/AsyncShutdown.sys.mjs:458:15
setupShutdown@resource://gre/modules/osfile/osfile_async_front.jsm:1548:28
@resource://gre/modules/osfile/osfile_async_front.jsm:1568:16
@resource://gre/modules/osfile.jsm:12:30
@resource://gre/modules/TelemetryStorage.sys.mjs:10:28
_checkPendingPings@resource://gre/modules/TelemetrySend.sys.mjs:863:17
setup@resource://gre/modules/TelemetrySend.sys.mjs:803:18
setup@resource://gre/modules/TelemetrySend.sys.mjs:241:30
setupTelemetry/this._delayedInitTask<@resource://gre/modules/TelemetryControllerParent.sys.mjs:829:36
observe@resource://gre/modules/AsyncShutdown.sys.mjs:576:16

JavaScript error: resource://gre/modules/AsyncShutdown.sys.mjs, line 727: Error: Phase "profile-before-change" is finished, it is too late to register completion condition "OS.File: flush I/O queued before profileBeforeChange"
JavaScript error: resource://gre/modules/AsyncShutdown.sys.mjs, line 727: Error: Phase "profile-before-change" is finished, it is too late to register completion condition "OS.File: flush I/O queued before profileBeforeChange"
JavaScript error: resource://gre/modules/AsyncShutdown.sys.mjs, line 727: Error: Phase "profile-before-change" is finished, it is too late to register completion condition "OS.File: flush I/O queued before profileBeforeChange"
JavaScript error: resource://gre/modules/AsyncShutdown.sys.mjs, line 727: Error: Phase "profile-before-change" is finished, it is too late to register completion condition "OS.File: flush I/O queued before profileBeforeChange"
JavaScript error: resource://gre/modules/AsyncShutdown.sys.mjs, line 727: Error: Phase "profile-before-change" is finished, it is too late to register completion condition "OS.File: flush I/O queued before profileBeforeChange"
JavaScript error: resource://gre/modules/AsyncShutdown.sys.mjs, line 727: Error: Phase "profile-before-change" is finished, it is too late to register completion condition "OS.File: flush I/O queued before profileBeforeChange"
1678695550668	geckodriver	INFO	Listening on 127.0.0.1:55349
1678695553714	mozrunner::runner	INFO	Running command: "C:\\Program Files\\Mozilla Firefox\\firefox.exe" "--marionette" "--remote-debugging-port" "55350" "--remote-allow-hosts" "localhost" "-no-remote" "-profile" "C:\\Users\\Amir\\AppData\\Local\\Temp\\rust_mozprofile8yVW1t"
console.warn: services.settings: Ignoring preference override of remote settings server
console.warn: services.settings: Allow by setting MOZ_REMOTE_SETTINGS_DEVTOOLS=1 in the environment
1678695554175	Marionette	INFO	Marionette enabled
Dynamically enable window occlusion 0
1678695554183	Marionette	INFO	Listening on port 55358
WebDriver BiDi listening on ws://127.0.0.1:55350
Read port: 55358
1678695554506	RemoteAgent	WARN	TLS certificate errors will be ignored for this session
console.warn: SearchSettings: "get: No settings file exists, new profile?" (new NotFoundError("Could not open the file at C:\\Users\\Amir\\AppData\\Local\\Temp\\rust_mozprofile8yVW1t\\search.json.mozlz4", (void 0)))
DevTools listening on ws://127.0.0.1:55350/devtools/browser/d9f885eb-a576-49d0-ba39-496664f59cf9
console.error: Region.sys.mjs: "Error fetching region" (new Error("TIMEOUT", "resource://gre/modules/Region.sys.mjs", 764))
console.error: Region.sys.mjs: "Failed to fetch region" (new Error("TIMEOUT", "resource://gre/modules/Region.sys.mjs", 416))
JavaScript warning: https://static.cdninstagram.com/rsrc.php/v3if8t4/yO/l/en_US/KtauPKWuhwo.js?_nc_x=Ij3Wp8lg5Kz, line 28: WEBGL_debug_renderer_info is deprecated in Firefox and will be removed. Please use RENDERER.
JavaScript error: https://static.cdninstagram.com/rsrc.php/v3idfH4/yy/l/en_US/A-c1X1sA9cx.js?_nc_x=Ij3Wp8lg5Kz, line 997: Error: not eligible for FB login
1678695585660	Marionette	INFO	Stopped listening on port 55358
Dynamically enable window occlusion 1
WARNING: A blocker encountered an error while we were waiting.
          Blocker:  Waiting for ping task
          Phase: TelemetryController: Waiting for pending ping activity
          State: (none)
WARNING: Error: Phase "profile-before-change" is finished, it is too late to register completion condition "OS.File: flush I/O queued before profileBeforeChange"
WARNING: addBlocker@resource://gre/modules/AsyncShutdown.sys.mjs:727:15
addBlocker@resource://gre/modules/AsyncShutdown.sys.mjs:523:26
addBlocker@resource://gre/modules/AsyncShutdown.sys.mjs:458:15
setupShutdown@resource://gre/modules/osfile/osfile_async_front.jsm:1548:28
@resource://gre/modules/osfile/osfile_async_front.jsm:1568:16
@resource://gre/modules/osfile.jsm:12:30
@resource://gre/modules/TelemetryStorage.sys.mjs:10:28
_checkPendingPings@resource://gre/modules/TelemetrySend.sys.mjs:863:17
setup@resource://gre/modules/TelemetrySend.sys.mjs:803:18
setup@resource://gre/modules/TelemetrySend.sys.mjs:241:30
setupTelemetry/this._delayedInitTask<@resource://gre/modules/TelemetryControllerParent.sys.mjs:829:36
observe@resource://gre/modules/AsyncShutdown.sys.mjs:576:16

WARNING: A blocker encountered an error while we were waiting.
          Blocker:  Waiting for ping task
          Phase: TelemetryController: Waiting for pending ping activity
          State: (none)
WARNING: Error: Phase "profile-before-change" is finished, it is too late to register completion condition "OS.File: flush I/O queued before profileBeforeChange"
WARNING: addBlocker@resource://gre/modules/AsyncShutdown.sys.mjs:727:15
addBlocker@resource://gre/modules/AsyncShutdown.sys.mjs:523:26
addBlocker@resource://gre/modules/AsyncShutdown.sys.mjs:458:15
setupShutdown@resource://gre/modules/osfile/osfile_async_front.jsm:1548:28
@resource://gre/modules/osfile/osfile_async_front.jsm:1568:16
@resource://gre/modules/osfile.jsm:12:30
@resource://gre/modules/TelemetryStorage.sys.mjs:10:28
_checkPendingPings@resource://gre/modules/TelemetrySend.sys.mjs:863:17
setup@resource://gre/modules/TelemetrySend.sys.mjs:803:18
setup@resource://gre/modules/TelemetrySend.sys.mjs:241:30
setupTelemetry/this._delayedInitTask<@resource://gre/modules/TelemetryControllerParent.sys.mjs:829:36
observe@resource://gre/modules/AsyncShutdown.sys.mjs:576:16

WARNING: A blocker encountered an error while we were waiting.
          Blocker:  Waiting for ping task
          Phase: TelemetryController: Waiting for pending ping activity
          State: (none)
WARNING: Error: Phase "profile-before-change" is finished, it is too late to register completion condition "OS.File: flush I/O queued before profileBeforeChange"
WARNING: addBlocker@resource://gre/modules/AsyncShutdown.sys.mjs:727:15
addBlocker@resource://gre/modules/AsyncShutdown.sys.mjs:523:26
addBlocker@resource://gre/modules/AsyncShutdown.sys.mjs:458:15
setupShutdown@resource://gre/modules/osfile/osfile_async_front.jsm:1548:28
@resource://gre/modules/osfile/osfile_async_front.jsm:1568:16
@resource://gre/modules/osfile.jsm:12:30
@resource://gre/modules/TelemetryStorage.sys.mjs:10:28
_checkPendingPings@resource://gre/modules/TelemetrySend.sys.mjs:863:17
setup@resource://gre/modules/TelemetrySend.sys.mjs:803:18
setup@resource://gre/modules/TelemetrySend.sys.mjs:241:30
setupTelemetry/this._delayedInitTask<@resource://gre/modules/TelemetryControllerParent.sys.mjs:829:36
observe@resource://gre/modules/AsyncShutdown.sys.mjs:576:16

WARNING: A blocker encountered an error while we were waiting.
          Blocker:  TelemetryController: shutting down
          Phase: profile-before-change-telemetry
          State: Error getting state: Error: Phase "profile-before-change" is finished, it is too late to register completion condition "OS.File: flush I/O queued before profileBeforeChange" at addBlocker@resource://gre/modules/AsyncShutdown.sys.mjs:727:15
addBlocker@resource://gre/modules/AsyncShutdown.sys.mjs:523:26
addBlocker@resource://gre/modules/AsyncShutdown.sys.mjs:458:15
setupShutdown@resource://gre/modules/osfile/osfile_async_front.jsm:1548:28
@resource://gre/modules/osfile/osfile_async_front.jsm:1568:16
@resource://gre/modules/osfile.jsm:12:30
@resource://gre/modules/TelemetryStorage.sys.mjs:10:28
_checkPendingPings@resource://gre/modules/TelemetrySend.sys.mjs:863:17
setup@resource://gre/modules/TelemetrySend.sys.mjs:803:18
setup@resource://gre/modules/TelemetrySend.sys.mjs:241:30
setupTelemetry/this._delayedInitTask<@resource://gre/modules/TelemetryControllerParent.sys.mjs:829:36
observe@resource://gre/modules/AsyncShutdown.sys.mjs:576:16

WARNING: Error: Phase "profile-before-change" is finished, it is too late to register completion condition "OS.File: flush I/O queued before profileBeforeChange"
WARNING: addBlocker@resource://gre/modules/AsyncShutdown.sys.mjs:727:15
addBlocker@resource://gre/modules/AsyncShutdown.sys.mjs:523:26
addBlocker@resource://gre/modules/AsyncShutdown.sys.mjs:458:15
setupShutdown@resource://gre/modules/osfile/osfile_async_front.jsm:1548:28
@resource://gre/modules/osfile/osfile_async_front.jsm:1568:16
@resource://gre/modules/osfile.jsm:12:30
@resource://gre/modules/TelemetryStorage.sys.mjs:10:28
_checkPendingPings@resource://gre/modules/TelemetrySend.sys.mjs:863:17
setup@resource://gre/modules/TelemetrySend.sys.mjs:803:18
setup@resource://gre/modules/TelemetrySend.sys.mjs:241:30
setupTelemetry/this._delayedInitTask<@resource://gre/modules/TelemetryControllerParent.sys.mjs:829:36
observe@resource://gre/modules/AsyncShutdown.sys.mjs:576:16

JavaScript error: resource://gre/modules/AsyncShutdown.sys.mjs, line 727: Error: Phase "profile-before-change" is finished, it is too late to register completion condition "OS.File: flush I/O queued before profileBeforeChange"
JavaScript error: resource://gre/modules/AsyncShutdown.sys.mjs, line 727: Error: Phase "profile-before-change" is finished, it is too late to register completion condition "OS.File: flush I/O queued before profileBeforeChange"
JavaScript error: resource://gre/modules/AsyncShutdown.sys.mjs, line 727: Error: Phase "profile-before-change" is finished, it is too late to register completion condition "OS.File: flush I/O queued before profileBeforeChange"
JavaScript error: resource://gre/modules/AsyncShutdown.sys.mjs, line 727: Error: Phase "profile-before-change" is finished, it is too late to register completion condition "OS.File: flush I/O queued before profileBeforeChange"
JavaScript error: resource://gre/modules/AsyncShutdown.sys.mjs, line 727: Error: Phase "profile-before-change" is finished, it is too late to register completion condition "OS.File: flush I/O queued before profileBeforeChange"
JavaScript error: resource://gre/modules/AsyncShutdown.sys.mjs, line 727: Error: Phase "profile-before-change" is finished, it is too late to register completion condition "OS.File: flush I/O queued before profileBeforeChange"
1678695607319	geckodriver	INFO	Listening on 127.0.0.1:55448
1678695610351	mozrunner::runner	INFO	Running command: "C:\\Program Files\\Mozilla Firefox\\firefox.exe" "--marionette" "--remote-debugging-port" "55449" "--remote-allow-hosts" "localhost" "-no-remote" "-profile" "C:\\Users\\Amir\\AppData\\Local\\Temp\\rust_mozprofilekb2ohH"
console.warn: services.settings: Ignoring preference override of remote settings server
console.warn: services.settings: Allow by setting MOZ_REMOTE_SETTINGS_DEVTOOLS=1 in the environment
1678695610738	Marionette	INFO	Marionette enabled
Dynamically enable window occlusion 0
1678695610747	Marionette	INFO	Listening on port 55456
Read port: 55456
WebDriver BiDi listening on ws://127.0.0.1:55449
1678695610933	RemoteAgent	WARN	TLS certificate errors will be ignored for this session
console.warn: SearchSettings: "get: No settings file exists, new profile?" (new NotFoundError("Could not open the file at C:\\Users\\Amir\\AppData\\Local\\Temp\\rust_mozprofilekb2ohH\\search.json.mozlz4", (void 0)))
DevTools listening on ws://127.0.0.1:55449/devtools/browser/9236fdde-56a3-4633-b1c1-e9d0419bfbad
JavaScript error: https://static.cdninstagram.com/rsrc.php/v3idfH4/yy/l/en_US/A-c1X1sA9cx.js?_nc_x=Ij3Wp8lg5Kz, line 997: Error: not eligible for FB login
JavaScript warning: https://static.cdninstagram.com/rsrc.php/v3if8t4/yO/l/en_US/KtauPKWuhwo.js?_nc_x=Ij3Wp8lg5Kz, line 28: WEBGL_debug_renderer_info is deprecated in Firefox and will be removed. Please use RENDERER.
1678695650986	Marionette	INFO	Stopped listening on port 55456
Dynamically enable window occlusion 1
WARNING: A blocker encountered an error while we were waiting.
          Blocker:  Waiting for ping task
          Phase: TelemetryController: Waiting for pending ping activity
          State: (none)
WARNING: Error: Phase "profile-before-change" is finished, it is too late to register completion condition "OS.File: flush I/O queued before profileBeforeChange"
WARNING: addBlocker@resource://gre/modules/AsyncShutdown.sys.mjs:727:15
addBlocker@resource://gre/modules/AsyncShutdown.sys.mjs:523:26
addBlocker@resource://gre/modules/AsyncShutdown.sys.mjs:458:15
setupShutdown@resource://gre/modules/osfile/osfile_async_front.jsm:1548:28
@resource://gre/modules/osfile/osfile_async_front.jsm:1568:16
@resource://gre/modules/osfile.jsm:12:30
@resource://gre/modules/TelemetryStorage.sys.mjs:10:28
_checkPendingPings@resource://gre/modules/TelemetrySend.sys.mjs:863:17
setup@resource://gre/modules/TelemetrySend.sys.mjs:803:18
setup@resource://gre/modules/TelemetrySend.sys.mjs:241:30
setupTelemetry/this._delayedInitTask<@resJavaScript error: https://static.cdninstagram.com/rsrc.php/v3idfH4/yy/l/en_US/A-c1X1sA9cx.js?_nc_x=Ij3Wp8lg5Kz, line 997: Error: not eligible for FB login
JavaScript warning: https://static.cdninstagram.com/rsrc.php/v3if8t4/yO/l/en_US/KtauPKWuhwo.js?_nc_x=Ij3Wp8lg5Kz, line 28: WEBGL_debug_renderer_info is deprecated in Firefox and will be removed. Please use RENDERER.
JavaScript error: resource://devtools/server/actors/resources/network-events-content.js, line 71: NS_NOINTERFACE: Component returned failure code: 0x80004002 (NS_NOINTERFACE) [nsISupports.QueryInterface]
JavaScript error: resource://gre/modules/AsyncShutdown.sys.mjs, line 576: NotFoundError: No such JSWindowActor 'DevToolsFrame'
JavaScript error: resource://gre/modules/AsyncShutdown.sys.mjs, line 576: NotFoundError: No such JSWindowActor 'DevToolsFrame'
1678695753145	Marionette	INFO	Stopped listening on port 55566
Dynamically enable window occlusion 1
[Parent 2176, IPC I/O Parent] WARNING: pipe error: 232: file /builds/worker/checkouts/gecko/ipc/chromium/src/chrome/common/ipc_channel_win.cc:583
modules/TelemetrySend.sys.mjs:241:30
setupTelemetry/this._delayedInitTask<@resource://gre/modules/TelemetryControllerParent.sys.mjs:829:36
observe@resource://gre/modules/AsyncShutdown.sys.mjs:576:16

WARNING: A blocker encountered an error while we were waiting.
          Blocker:  Waiting for ping task
          Phase: TelemetryController: Waiting for pending ping activity
          State: (none)
WARNING: Error: Phase "profile-before-change" is finished, it is too late to register completion condition "OS.File: flush I/O queued before profileBeforeChange"
WARNING: addBlocker@resource://gre/modules/AsyncShutdown.sys.mjs:727:15
addBlocker@resource://gre/modules/AsyncShutdown.sys.mjs:523:26
addBlocker@resource://gre/modules/AsyncShutdown.sys.mjs:458:15
setupShutdown@resource://gre/modules/osfile/osfile_async_front.jsm:1548:28
@resource://gre/modules/osfile/osfile_async_front.jsm:1568:16
@resource://gre/modules/osfile.jsm:12:30
@resource://gre/modules/TelemetryStorage.sys.mjs:10:28
_checkPendingPings@resource://gre/modules/TelemetrySend.sys.mjs:863:17
setup@resource://gre/modules/TelemetrySend.sys.mjs:803:18
setup@resource://gre/modules/TelemetrySend.sys.mjs:241:30
setupTelemetry/this._delayedInitTask<@resource://gre/modules/TelemetryControllerParent.sys.mjs:829:36
observe@resource://gre/modules/AsyncShutdown.sys.mjs:576:16

WARNING: A blocker encountered an error while we were waiting.
          Blocker:  TelemetryController: shutting down
          Phase: profile-before-change-telemetry
          State: Error getting state: Error: Phase "profile-before-change" is finished, it is too late to register completion condition "OS.File: flush I/O queued before profileBeforeChange" at addBlocker@resource://gre/modules/AsyncShutdown.sys.mjs:727:15
addBlocker@resource://gre/modules/AsyncShutdown.sys.mjs:523:26
addBlocker@resource://gre/modules/AsyncShutdown.sys.mjs:458:15
setupShutdown@resource://gre/modules/osfile/osfile_async_front.jsm:1548:28
@resource://gre/modules/osfile/osfile_async_front.jsm:1568:16
@resource://gre/modules/osfile.jsm:12:30
@resource://gre/modules/TelemetryStorage.sys.mjs:10:28
_checkPendingPings@resource://gre/modules/TelemetrySend.sys.mjs:863:17
setup@resource://gre/modules/TelemetrySend.sys.mjs:803:18
setup@resource://gre/modules/TelemetrySend.sys.mjs:241:30
setupTelemetry/this._delayedInitTask<@resource://gre/modules/TelemetryControllerParent.sys.mjs:829:36
observe@resource://gre/modules/AsyncShutdown.sys.mjs:576:16

WARNING: Error: Phase "profile-before-change" is finished, it is too late to register completion condition "OS.File: flush I/O queued before profileBeforeChange"
WARNING: addBlocker@resource://gre/modules/AsyncShutdown.sys.mjs:727:15
addBlocker@resource://gre/modules/AsyncShutdown.sys.mjs:523:26
addBlocker@resource://gre/modules/AsyncShutdown.sys.mjs:458:15
setupShutdown@resource://gre/modules/osfile/osfile_async_front.jsm:1548:28
@resource://gre/modules/osfile/osfile_async_front.jsm:1568:16
@resource://gre/modules/osfile.jsm:12:30
@resource://gre/modules/TelemetryStorage.sys.mjs:10:28
_checkPendingPings@resource://gre/modules/TelemetrySend.sys.mjs:863:17
setup@resource://gre/modules/TelemetrySend.sys.mjs:803:18
setup@resource://gre/modules/TelemetrySend.sys.mjs:241:30
setupTelemetry/this._delayedInitTask<@resource://gre/modules/TelemetryControllerParent.sys.mjs:829:36
observe@resource://gre/modules/AsyncShutdown.sys.mjs:576:16

JavaScript error: resource://gre/modules/AsyncShutdown.sys.mjs, line 727: Error: Phase "profile-before-change" is finished, it is too late to register completion condition "OS.File: flush I/O queued before profileBeforeChange"
JavaScript error: resource://gre/modules/AsyncShutdown.sys.mjs, line 727: Error: Phase "profile-before-change" is finished, it is too late to register completion condition "OS.File: flush I/O queued before profileBeforeChange"
JavaScript error: resource://gre/modules/AsyncShutdown.sys.mjs, line 727: Error: Phase "profile-before-change" is finished, it is too late to register completion condition "OS.File: flush I/O queued before profileBeforeChange"
JavaScript error: resource://gre/modules/AsyncShutdown.sys.mjs, line 727: Error: Phase "profile-before-change" is finished, it is too late to register completion condition "OS.File: flush I/O queued before profileBeforeChange"
JavaScript error: resource://gre/modules/AsyncShutdown.sys.mjs, line 727: Error: Phase "profile-before-change" is finished, it is too late to register completion condition "OS.File: flush I/O queued before profileBeforeChange"
JavaScript error: resource://gre/modules/AsyncShutdown.sys.mjs, line 727: Error: Phase "profile-before-change" is finished, it is too late to register completion condition "OS.File: flush I/O queued before profileBeforeChange"
1678695758702	geckodriver	INFO	Listening on 127.0.0.1:55694
1678695761746	mozrunner::runner	INFO	Running command: "C:\\Program Files\\Mozilla Firefox\\firefox.exe" "--marionette" "--remote-debugging-port" "55695" "--remote-allow-hosts" "localhost" "-no-remote" "-profile" "C:\\Users\\Amir\\AppData\\Local\\Temp\\rust_mozprofileS2SyZc"
console.warn: services.settings: Ignoring preference override of remote settings server
console.warn: services.settings: Allow by setting MOZ_REMOTE_SETTINGS_DEVTOOLS=1 in the environment
1678695762164	Marionette	INFO	Marionette enabled
Dynamically enable window occlusion 0
1678695762172	Marionette	INFO	Listening on port 55702
Read port: 55702
WebDriver BiDi listening on ws://127.0.0.1:55695
1678695762360	RemoteAgent	WARN	TLS certificate errors will be ignored for this session
console.warn: SearchSettings: "get: No settings file exists, new profile?" (new NotFoundError("Could not open the file at C:\\Users\\Amir\\AppData\\Local\\Temp\\rust_mozprofileS2SyZc\\search.json.mozlz4", (void 0)))
DevTools listening on ws://127.0.0.1:55695/devtools/browser/cf79fa03-e094-4165-be7a-488f3cd98a96
JavaScript error: https://static.cdninstagram.com/rsrc.php/v3idfH4/yy/l/en_US/A-c1X1sA9cx.js?_nc_x=Ij3Wp8lg5Kz, line 997: Error: not eligible for FB login
JavaScript warning: https://static.cdninstagram.com/rsrc.php/v3if8t4/yO/l/en_US/KtauPKWuhwo.js?_nc_x=Ij3Wp8lg5Kz, line 28: WEBGL_debug_renderer_info is deprecated in Firefox and will be removed. Please use RENDERER.
1678695977708	Marionette	INFO	Stopped listening on port 55702
Dynamically enable window occlusion 1
ng command: "C:\\Program Files\\Mozilla Firefox\\firefox.exe" "--marionette" "--remote-debugging-port" "55800" "--remote-allow-hosts" "localhost" "-no-remote" "-profile" "C:\\Users\\Amir\\AppData\\Local\\Temp\\rust_mozprofilehiLIT6"
console.warn: services.settings: Ignoring preference override of remote settings server
console.warn: services.settings: Allow by setting MOZ_REMOTE_SETTINGS_DEVTOOLS=1 in the environment
1678695831044	Marionette	INFO	Marionette enabled
Dynamically enable window occlusion 0
1678695831052	Marionette	INFO	Listening on port 55808
Read port: 55808
WebDriver BiDi listening on ws://127.0.0.1:55800
1678695831227	RemoteAgent	WARN	TLS certificate errors will be ignored for this session
console.warn: SearchSettings: "get: No settings file exists, new profile?" (new NotFoundError("Could not open the file at C:\\Users\\Amir\\AppData\\Local\\Temp\\rust_mozprofilehiLIT6\\search.json.mozlz4", (void 0)))
DevTools listening on ws://127.0.0.1:55800/devtools/browser/cc8910d3-96e0-4209-9f95-9dcf6609937c
JavaScript warning: https://static.cdninstagram.com/rsrc.php/v3if8t4/yO/l/en_US/KtauPKWuhwo.js?_nc_x=Ij3Wp8lg5Kz, line 28: WEBGL_debug_renderer_info is deprecated in Firefox and will be removed. Please use RENDERER.
JavaScript error: https://static.cdninstagram.com/rsrc.php/v3idfH4/yy/l/en_US/A-c1X1sA9cx.js?_nc_x=Ij3Wp8lg5Kz, line 997: Error: not eligible for FB login
console.warn: LoginRecipes: "Falling back to a synchronous message for: https://www.instagram.com."
JavaScript error: resource://devtools/server/actors/resources/network-events-content.js, line 71: NS_NOINTERFACE: Component returned failure code: 0x80004002 (NS_NOINTERFACE) [nsISupports.QueryInterface]
JavaScript error: resource://gre/modules/AsyncShutdown.sys.mjs, line 576: NotFoundError: No such JSWindowActor 'DevToolsFrame'
JavaScript error: resource://gre/modules/AsyncShutdown.sys.mjs, line 576: NotFoundError: No such JSWindowActor 'DevToolsFrame'
1678695975933	Marionette	INFO	Stopped listening on port 55808
Dynamically enable window occlusion 1
settings: Ignoring preference override of remote settings server
console.warn: services.settings: Allow by setting MOZ_REMOTE_SETTINGS_DEVTOOLS=1 in the environment
1678695922351	Marionette	INFO	Marionette enabled
Dynamically enable window occlusion 0
1678695922360	Marionette	INFO	Listening on port 55937
Read port: 55937
WebDriver BiDi listening on ws://127.0.0.1:55930
1678695922593	RemoteAgent	WARN	TLS certificate errors will be ignored for this session
console.warn: SearchSettings: "get: No settings file exists, new profile?" (new NotFoundError("Could not open the file at C:\\Users\\Amir\\AppData\\Local\\Temp\\rust_mozprofileHlv7yO\\search.json.mozlz4", (void 0)))
DevTools listening on ws://127.0.0.1:55930/devtools/browser/6bb22068-92c1-4af8-aa41-ea60e08c8079
JavaScript warning: https://static.cdninstagram.com/rsrc.php/v3if8t4/yO/l/en_US/KtauPKWuhwo.js?_nc_x=Ij3Wp8lg5Kz, line 28: WEBGL_debug_renderer_info is deprecated in Firefox and will be removed. Please use RENDERER.
JavaScript error: https://static.cdninstagram.com/rsrc.php/v3idfH4/yy/l/en_US/A-c1X1sA9cx.js?_nc_x=Ij3Wp8lg5Kz, line 997: Error: not eligible for FB login
console.warn: LoginRecipes: "Falling back to a synchronous message for: https://www.instagram.com."
JavaScript error: resource://devtools/server/actors/resources/network-events-content.js, line 71: NS_NOINTERFACE: Component returned failure code: 0x80004002 (NS_NOINTERFACE) [nsISupports.QueryInterface]
console.warn: LoginRecipes: "Falling back to a synchronous message for: https://www.instagram.com."
console.warn: LoginRecipes: "Falling back to a synchronous message for: https://www.instagram.com."
JavaScript error: resource://gre/modules/AsyncShutdown.sys.mjs, line 576: NotFoundError: No such JSWindowActor 'DevToolsFrame'
JavaScript error: resource://gre/modules/AsyncShutdown.sys.mjs, line 576: NotFoundError: No such JSWindowActor 'DevToolsFrame'
1678696184980	Marionette	INFO	Stopped listening on port 55937
Dynamically enable window occlusion 1
1678696187661	geckodriver	INFO	Listening on 127.0.0.1:56141
1678696190722	mozrunner::runner	INFO	Running command: "C:\\Program Files\\Mozilla Firefox\\firefox.exe" "--marionette" "--remote-debugging-port" "56142" "--remote-allow-hosts" "localhost" "-no-remote" "-profile" "C:\\Users\\Amir\\AppData\\Local\\Temp\\rust_mozprofile3eFgxU"
console.warn: services.settings: Ignoring preference override of remote settings server
console.warn: services.settings: Allow by setting MOZ_REMOTE_SETTINGS_DEVTOOLS=1 in the environment
1678696191372	Marionette	INFO	Marionette enabled
Dynamically enable window occlusion 0
1678696191382	Marionette	INFO	Listening on port 56149
Read port: 56149
WebDriver BiDi listening on ws://127.0.0.1:56142
1678696191577	RemoteAgent	WARN	TLS certificate errors will be ignored for this session
console.warn: SearchSettings: "get: No settings file exists, new profile?" (new NotFoundError("Could not open the file at C:\\Users\\Amir\\AppData\\Local\\Temp\\rust_mozprofile3eFgxU\\search.json.mozlz4", (void 0)))
DevTools listening on ws://127.0.0.1:56142/devtools/browser/b3b11b2e-a36d-4c78-9867-0d8cb5e39886
JavaScript warning: https://static.cdninstagram.com/rsrc.php/v3if8t4/yO/l/en_US/KtauPKWuhwo.js?_nc_x=Ij3Wp8lg5Kz, line 28: WEBGL_debug_renderer_info is deprecated in Firefox and will be removed. Please use RENDERER.
JavaScript error: https://static.cdninstagram.com/rsrc.php/v3idfH4/yy/l/en_US/A-c1X1sA9cx.js?_nc_x=Ij3Wp8lg5Kz, line 997: Error: not eligible for FB login
console.warn: LoginRecipes: "Falling back to a synchronous message for: https://www.instagram.com."
JavaScript warning: https://static.cdninstagram.com/rsrc.php/v3if8t4/yO/l/en_US/KtauPKWuhwo.js?_nc_x=Ij3Wp8lg5Kz, line 28: WEBGL_debug_renderer_info is deprecated in Firefox and will be removed. Please use RENDERER.
JavaScript error: https://static.cdninstagram.com/rsrc.php/v3idfH4/yy/l/en_US/A-c1X1sA9cx.js?_nc_x=Ij3Wp8lg5Kz, line 997: Error: not eligible for FB login
JavaScript error: , line 0: NS_ERROR_NOT_AVAILABLE
console.warn: LoginRecipes: "Falling back to a synchronous message for: https://www.instagram.com."
1678697290367	Marionette	INFO	Stopped listening on port 56149
Dynamically enable window occlusion 1
1678698721485	geckodriver	INFO	Listening on 127.0.0.1:49963
1678698724547	mozrunner::runner	INFO	Running command: "C:\\Program Files\\Mozilla Firefox\\firefox.exe" "--marionette" "--remote-debugging-port" "49964" "--remote-allow-hosts" "localhost" "-no-remote" "-profile" "C:\\Users\\Amir\\AppData\\Local\\Temp\\rust_mozprofiley4vsF6"
console.warn: services.settings: Ignoring preference override of remote settings server
console.warn: services.settings: Allow by setting MOZ_REMOTE_SETTINGS_DEVTOOLS=1 in the environment
1678698725161	Marionette	INFO	Marionette enabled
Dynamically enable window occlusion 0
1678698725171	Marionette	INFO	Listening on port 50082
Read port: 50082
WebDriver BiDi listening on ws://127.0.0.1:49964
1678698725419	RemoteAgent	WARN	TLS certificate errors will be ignored for this session
console.warn: SearchSettings: "get: No settings file exists, new profile?" (new NotFoundError("Could not open the file at C:\\Users\\Amir\\AppData\\Local\\Temp\\rust_mozprofiley4vsF6\\search.json.mozlz4", (void 0)))
DevTools listening on ws://127.0.0.1:49964/devtools/browser/38b65672-1ffe-46c1-8ba0-5dd293e30154
1678698771020	Marionette	WARN	Ignoring event 'pageshow' because document has an invalid readyState of 'uninitialized'.
1678698810129	Marionette	INFO	Stopped listening on port 50082
Dynamically enable window occlusion 1
[Parent 12964, IPC I/O Parent] WARNING: pipe error: 232: file /builds/worker/checkouts/gecko/ipc/chromium/src/chrome/common/ipc_channel_win.cc:583
no-remote" "-profile" "C:\\Users\\Amir\\AppData\\Local\\Temp\\rust_mozprofileSLGrKC"
console.warn: services.settings: Ignoring preference override of remote settings server
console.warn: services.settings: Allow by setting MOZ_REMOTE_SETTINGS_DEVTOOLS=1 in the environment
1678698793847	Marionette	INFO	Marionette enabled
Dynamically enable window occlusion 0
1678698793855	Marionette	INFO	Listening on port 50385
Read port: 50385
WebDriver BiDi listening on ws://127.0.0.1:50377
1678698794031	RemoteAgent	WARN	TLS certificate errors will be ignored for this session
console.warn: SearchSettings: "get: No settings file exists, new profile?" (new NotFoundError("Could not open the file at C:\\Users\\Amir\\AppData\\Local\\Temp\\rust_mozprofileSLGrKC\\search.json.mozlz4", (void 0)))
DevTools listening on ws://127.0.0.1:50377/devtools/browser/6c1c7c60-39b3-4aff-8ba9-9d6bbd26aaef
JavaScript warning: https://static.cdninstagram.com/rsrc.php/v3if8t4/yO/l/en_US/KtauPKWuhwo.js?_nc_x=Ij3Wp8lg5Kz, line 28: WEBGL_debug_renderer_info is deprecated in Firefox and will be removed. Please use RENDERER.
JavaScript error: https://static.cdninstagram.com/rsrc.php/v3idfH4/yy/l/en_US/A-c1X1sA9cx.js?_nc_x=Ij3Wp8lg5Kz, line 997: Error: not eligible for FB login
console.warn: LoginRecipes: "Falling back to a synchronous message for: https://www.instagram.com."
JavaScript error: resource://devtools/server/actors/resources/network-events-content.js, line 71: NS_NOINTERFACE: Component returned failure code: 0x80004002 (NS_NOINTERFACE) [nsISupports.QueryInterface]
JavaScript error: , line 0: NotFoundError: No such JSWindowActor 'DevToolsFrame'
JavaScript error: , line 0: NS_ERROR_NOT_AVAILABLE
1678700905372	Marionette	INFO	Stopped listening on port 50385
Dynamically enable window occlusion 1
efox.exe" "--marionette" "--remote-debugging-port" "50581" "--remote-allow-hosts" "localhost" "-no-remote" "-profile" "C:\\Users\\Amir\\AppData\\Local\\Temp\\rust_mozprofile18MjzW"
console.warn: services.settings: Ignoring preference override of remote settings server
console.warn: services.settings: Allow by setting MOZ_REMOTE_SETTINGS_DEVTOOLS=1 in the environment
1678699048147	Marionette	INFO	Marionette enabled
Dynamically enable window occlusion 0
1678699048162	Marionette	INFO	Listening on port 50588
Read port: 50588
WebDriver BiDi listening on ws://127.0.0.1:50581
1678699048486	RemoteAgent	WARN	TLS certificate errors will be ignored for this session
console.warn: SearchSettings: "get: No settings file exists, new profile?" (new NotFoundError("Could not open the file at C:\\Users\\Amir\\AppData\\Local\\Temp\\rust_mozprofile18MjzW\\search.json.mozlz4", (void 0)))
DevTools listening on ws://127.0.0.1:50581/devtools/browser/6e0e183b-9a6b-4ebe-8bf2-6a8654f27352
console.error: Region.sys.mjs: "Error fetching region" (new Error("TIMEOUT", "resource://gre/modules/Region.sys.mjs", 764))
console.error: Region.sys.mjs: "Failed to fetch region" (new Error("TIMEOUT", "resource://gre/modules/Region.sys.mjs", 416))
JavaScript warning: https://static.cdninstagram.com/rsrc.php/v3if8t4/yO/l/en_US/KtauPKWuhwo.js?_nc_x=Ij3Wp8lg5Kz, line 28: WEBGL_debug_renderer_info is deprecated in Firefox and will be removed. Please use RENDERER.
JavaScript error: https://static.cdninstagram.com/rsrc.php/v3idfH4/yy/l/en_US/A-c1X1sA9cx.js?_nc_x=Ij3Wp8lg5Kz, line 997: Error: not eligible for FB login
console.warn: LoginRecipes: "Falling back to a synchronous message for: https://www.instagram.com."
JavaScript error: , line 0: NS_ERROR_NOT_AVAILABLE
console.warn: LoginRecipes: "Falling back to a synchronous message for: https://www.instagram.com."
1678700902350	Marionette	INFO	Stopped listening on port 50588
Dynamically enable window occlusion 1
1678704512459	geckodriver	INFO	Listening on 127.0.0.1:50921
1678704515588	mozrunner::runner	INFO	Running command: "C:\\Program Files\\Mozilla Firefox\\firefox.exe" "--marionette" "--remote-debugging-port" "50922" "--remote-allow-hosts" "localhost" "-no-remote" "-profile" "C:\\Users\\Amir\\AppData\\Local\\Temp\\rust_mozprofileUh34x6"
console.warn: services.settings: Ignoring preference override of remote settings server
console.warn: services.settings: Allow by setting MOZ_REMOTE_SETTINGS_DEVTOOLS=1 in the environment
1678704516400	Marionette	INFO	Marionette enabled
Dynamically enable window occlusion 0
1678704516406	Marionette	INFO	Listening on port 50929
Read port: 50929
WebDriver BiDi listening on ws://127.0.0.1:50922
1678704516602	RemoteAgent	WARN	TLS certificate errors will be ignored for this session
console.warn: SearchSettings: "get: No settings file exists, new profile?" (new NotFoundError("Could not open the file at C:\\Users\\Amir\\AppData\\Local\\Temp\\rust_mozprofileUh34x6\\search.json.mozlz4", (void 0)))
DevTools listening on ws://127.0.0.1:50922/devtools/browser/29e8dc30-5c63-4dbc-b94b-b7ae996bf6fd
JavaScript error: https://static.cdninstagram.com/rsrc.php/v3idfH4/yy/l/en_US/A-c1X1sA9cx.js?_nc_x=Ij3Wp8lg5Kz, line 997: Error: not eligible for FB login
JavaScript warning: https://static.cdninstagram.com/rsrc.php/v3if8t4/yO/l/en_US/KtauPKWuhwo.js?_nc_x=Ij3Wp8lg5Kz, line 28: WEBGL_debug_renderer_info is deprecated in Firefox and will be removed. Please use RENDERER.
console.warn: LoginRecipes: "Falling back to a synchronous message for: https://www.instagram.com."
JavaScript error: resource://devtools/server/actors/resources/network-events-content.js, line 71: NS_NOINTERFACE: Component returned failure code: 0x80004002 (NS_NOINTERFACE) [nsISupports.QueryInterface]
JavaScript error: resource://gre/modules/AsyncShutdown.sys.mjs, line 576: NotFoundError: No such JSWindowActor 'DevToolsFrame'
JavaScript error: resource://gre/modules/AsyncShutdown.sys.mjs, line 576: NotFoundError: No such JSWindowActor 'DevToolsFrame'
1678704788009	Marionette	INFO	Stopped listening on port 50929
Dynamically enable window occlusion 1
settings: Ignoring preference override of remote settings server
console.warn: services.settings: Allow by setting MOZ_REMOTE_SETTINGS_DEVTOOLS=1 in the environment
1678704709111	Marionette	INFO	Marionette enabled
Dynamically enable window occlusion 0
1678704709119	Marionette	INFO	Listening on port 51220
Read port: 51220
WebDriver BiDi listening on ws://127.0.0.1:51213
1678704709297	RemoteAgent	WARN	TLS certificate errors will be ignored for this session
console.warn: SearchSettings: "get: No settings file exists, new profile?" (new NotFoundError("Could not open the file at C:\\Users\\Amir\\AppData\\Local\\Temp\\rust_mozprofileWF12ET\\search.json.mozlz4", (void 0)))
DevTools listening on ws://127.0.0.1:51213/devtools/browser/3dd81007-1f79-4aa3-a005-c52286ddd660
JavaScript warning: https://static.cdninstagram.com/rsrc.php/v3if8t4/yO/l/en_US/KtauPKWuhwo.js?_nc_x=Ij3Wp8lg5Kz, line 28: WEBGL_debug_renderer_info is deprecated in Firefox and will be removed. Please use RENDERER.
JavaScript error: https://static.cdninstagram.com/rsrc.php/v3idfH4/yy/l/en_US/A-c1X1sA9cx.js?_nc_x=Ij3Wp8lg5Kz, line 997: Error: not eligible for FB login
1678704789160	Marionette	INFO	Stopped listening on port 51220
Dynamically enable window occlusion 1
[Parent 5624, IPC I/O Parent] WARNING: pipe error: 232: file /builds/worker/checkouts/gecko/ipc/chromium/src/chrome/common/ipc_channel_win.cc:583
1678704790819	geckodriver	INFO	Listening on 127.0.0.1:51321
1678704793867	mozrunner::runner	INFO	Running command: "C:\\Program Files\\Mozilla Firefox\\firefox.exe" "--marionette" "--remote-debugging-port" "51322" "--remote-allow-hosts" "localhost" "-no-remote" "-profile" "C:\\Users\\Amir\\AppData\\Local\\Temp\\rust_mozprofiles0yLDM"
console.warn: services.settings: Ignoring preference override of remote settings server
console.warn: services.settings: Allow by setting MOZ_REMOTE_SETTINGS_DEVTOOLS=1 in the environment
1678704794306	Marionette	INFO	Marionette enabled
Dynamically enable window occlusion 0
1678704794313	Marionette	INFO	Listening on port 51329
Read port: 51329
WebDriver BiDi listening on ws://127.0.0.1:51322
1678704794492	RemoteAgent	WARN	TLS certificate errors will be ignored for this session
console.warn: SearchSettings: "get: No settings file exists, new profile?" (new NotFoundError("Could not open the file at C:\\Users\\Amir\\AppData\\Local\\Temp\\rust_mozprofiles0yLDM\\search.json.mozlz4", (void 0)))
DevTools listening on ws://127.0.0.1:51322/devtools/browser/adbb8ac1-4249-4d5e-82e6-1810228d7b90
JavaScript warning: https://static.cdninstagram.com/rsrc.php/v3if8t4/yO/l/en_US/KtauPKWuhwo.js?_nc_x=Ij3Wp8lg5Kz, line 28: WEBGL_debug_renderer_info is deprecated in Firefox and will be removed. Please use RENDERER.
JavaScript error: https://static.cdninstagram.com/rsrc.php/v3idfH4/yy/l/en_US/A-c1X1sA9cx.js?_nc_x=Ij3Wp8lg5Kz, line 997: Error: not eligible for FB login
1678705172250	Marionette	INFO	Stopped listening on port 51329
Dynamically enable window occlusion 1
ng command: "C:\\Program Files\\Mozilla Firefox\\firefox.exe" "--marionette" "--remote-debugging-port" "51592" "--remote-allow-hosts" "localhost" "-no-remote" "-profile" "C:\\Users\\Amir\\AppData\\Local\\Temp\\rust_mozprofilee0FRoy"
console.warn: services.settings: Ignoring preference override of remote settings server
console.warn: services.settings: Allow by setting MOZ_REMOTE_SETTINGS_DEVTOOLS=1 in the environment
1678705017707	Marionette	INFO	Marionette enabled
Dynamically enable window occlusion 0
1678705017716	Marionette	INFO	Listening on port 51599
Read port: 51599
WebDriver BiDi listening on ws://127.0.0.1:51592
1678705017904	RemoteAgent	WARN	TLS certificate errors will be ignored for this session
console.warn: SearchSettings: "get: No settings file exists, new profile?" (new NotFoundError("Could not open the file at C:\\Users\\Amir\\AppData\\Local\\Temp\\rust_mozprofilee0FRoy\\search.json.mozlz4", (void 0)))
DevTools listening on ws://127.0.0.1:51592/devtools/browser/d24198e5-e474-436a-8745-069376825d88
console.error: Region.sys.mjs: "Error fetching region" (new Error("TIMEOUT", "resource://gre/modules/Region.sys.mjs", 764))
console.error: Region.sys.mjs: "Failed to fetch region" (new Error("TIMEOUT", "resource://gre/modules/Region.sys.mjs", 416))
JavaScript error: https://static.cdninstagram.com/rsrc.php/v3idfH4/yy/l/en_US/A-c1X1sA9cx.js?_nc_x=Ij3Wp8lg5Kz, line 997: Error: not eligible for FB login
JavaScript warning: https://static.cdninstagram.com/rsrc.php/v3if8t4/yO/l/en_US/KtauPKWuhwo.js?_nc_x=Ij3Wp8lg5Kz, line 28: WEBGL_debug_renderer_info is deprecated in Firefox and will be removed. Please use RENDERER.
1678705171364	Marionette	INFO	Stopped listening on port 51599
Dynamically enable window occlusion 1
ng command: "C:\\Program Files\\Mozilla Firefox\\firefox.exe" "--marionette" "--remote-debugging-port" "51770" "--remote-allow-hosts" "localhost" "-no-remote" "-profile" "C:\\Users\\Amir\\AppData\\Local\\Temp\\rust_mozprofilenwtn0w"
console.warn: services.settings: Ignoring preference override of remote settings server
console.warn: services.settings: Allow by setting MOZ_REMOTE_SETTINGS_DEVTOOLS=1 in the environment
1678705107739	Marionette	INFO	Marionette enabled
Dynamically enable window occlusion 0
1678705107749	Marionette	INFO	Listening on port 51777
Read port: 51777
WebDriver BiDi listening on ws://127.0.0.1:51770
1678705107968	RemoteAgent	WARN	TLS certificate errors will be ignored for this session
console.warn: SearchSettings: "get: No settings file exists, new profile?" (new NotFoundError("Could not open the file at C:\\Users\\Amir\\AppData\\Local\\Temp\\rust_mozprofilenwtn0w\\search.json.mozlz4", (void 0)))
DevTools listening on ws://127.0.0.1:51770/devtools/browser/8edd37f1-d644-4051-9d94-a7b07e2c4604
JavaScript warning: https://static.cdninstagram.com/rsrc.php/v3if8t4/yO/l/en_US/KtauPKWuhwo.js?_nc_x=Ij3Wp8lg5Kz, line 28: WEBGL_debug_renderer_info is deprecated in Firefox and will be removed. Please use RENDERER.
JavaScript error: https://static.cdninstagram.com/rsrc.php/v3idfH4/yy/l/en_US/A-c1X1sA9cx.js?_nc_x=Ij3Wp8lg5Kz, line 997: Error: not eligible for FB login
JavaScript error: resource://devtools/server/actors/resources/network-events-content.js, line 71: NS_NOINTERFACE: Component returned failure code: 0x80004002 (NS_NOINTERFACE) [nsISupports.QueryInterface]
JavaScript error: resource://gre/modules/AsyncShutdown.sys.mjs, line 576: NotFoundError: No such JSWindowActor 'DevToolsFrame'
JavaScript error: resource://gre/modules/AsyncShutdown.sys.mjs, line 576: NotFoundError: No such JSWindowActor 'DevToolsFrame'
1678705173485	Marionette	INFO	Stopped listening on port 51777
Dynamically enable window occlusion 1
[Parent 14180, IPC I/O Parent] WARNING: DuplicateHandle failed for handle 0 in TransferHandles: file /builds/worker/checkouts/gecko/ipc/chromium/src/chrome/common/ipc_channel_win.cc:777
ette	INFO	Marionette enabled
Dynamically enable window occlusion 0
1678705172550	Marionette	INFO	Listening on port 51931
Read port: 51931
WebDriver BiDi listening on ws://127.0.0.1:51905
1678705172827	RemoteAgent	WARN	TLS certificate errors will be ignored for this session
console.warn: SearchSettings: "get: No settings file exists, new profile?" (new NotFoundError("Could not open the file at C:\\Users\\Amir\\AppData\\Local\\Temp\\rust_mozprofileKdtlYa\\search.json.mozlz4", (void 0)))
DevTools listening on ws://127.0.0.1:51905/devtools/browser/bb2115c9-7817-4c2e-bdbd-6047bafe8bb6
console.error: Region.sys.mjs: "Error fetching region" (new Error("TIMEOUT", "resource://gre/modules/Region.sys.mjs", 764))
console.error: Region.sys.mjs: "Failed to fetch region" (new Error("TIMEOUT", "resource://gre/modules/Region.sys.mjs", 416))
JavaScript warning: https://static.cdninstagram.com/rsrc.php/v3if8t4/yO/l/en_US/KtauPKWuhwo.js?_nc_x=Ij3Wp8lg5Kz, line 28: WEBGL_debug_renderer_info is deprecated in Firefox and will be removed. Please use RENDERER.
JavaScript error: https://static.cdninstagram.com/rsrc.php/v3idfH4/yy/l/en_US/A-c1X1sA9cx.js?_nc_x=Ij3Wp8lg5Kz, line 997: Error: not eligible for FB login
JavaScript error: resource://devtools/server/actors/resources/network-events-content.js, line 71: NS_NOINTERFACE: Component returned failure code: 0x80004002 (NS_NOINTERFACE) [nsISupports.QueryInterface]
JavaScript error: resource://gre/modules/AsyncShutdown.sys.mjs, line 576: NotFoundError: No such JSWindowActor 'DevToolsFrame'
JavaScript error: resource://gre/modules/AsyncShutdown.sys.mjs, line 576: NotFoundError: No such JSWindowActor 'DevToolsFrame'
1678705402271	Marionette	INFO	Stopped listening on port 51931
Dynamically enable window occlusion 1
settings: Ignoring preference override of remote settings server
console.warn: services.settings: Allow by setting MOZ_REMOTE_SETTINGS_DEVTOOLS=1 in the environment
1678705397701	Marionette	INFO	Marionette enabled
Dynamically enable window occlusion 0
1678705397709	Marionette	INFO	Listening on port 52144
Read port: 52144
WebDriver BiDi listening on ws://127.0.0.1:52133
1678705397988	RemoteAgent	WARN	TLS certificate errors will be ignored for this session
console.warn: SearchSettings: "get: No settings file exists, new profile?" (new NotFoundError("Could not open the file at C:\\Users\\Amir\\AppData\\Local\\Temp\\rust_mozprofileA3zaNb\\search.json.mozlz4", (void 0)))
DevTools listening on ws://127.0.0.1:52133/devtools/browser/1936da1e-010a-4a54-b23c-75df07f4b4e8
console.error: Region.sys.mjs: "Error fetching region" (new Error("TIMEOUT", "resource://gre/modules/Region.sys.mjs", 764))
console.error: Region.sys.mjs: "Failed to fetch region" (new Error("TIMEOUT", "resource://gre/modules/Region.sys.mjs", 416))
JavaScript warning: https://static.cdninstagram.com/rsrc.php/v3if8t4/yO/l/en_US/KtauPKWuhwo.js?_nc_x=Ij3Wp8lg5Kz, line 28: WEBGL_debug_renderer_info is deprecated in Firefox and will be removed. Please use RENDERER.
JavaScript error: https://static.cdninstagram.com/rsrc.php/v3idfH4/yy/l/en_US/A-c1X1sA9cx.js?_nc_x=Ij3Wp8lg5Kz, line 997: Error: not eligible for FB login
1678705469356	Marionette	INFO	Stopped listening on port 52144
Dynamically enable window occlusion 1
[Parent 3228, IPC I/O Parent] WARNING: DuplicateHandle failed for handle 0 in TransferHandles: file /builds/worker/checkouts/gecko/ipc/chromium/src/chrome/common/ipc_channel_win.cc:777
1678705471502	geckodriver	INFO	Listening on 127.0.0.1:52243
1678705474577	mozrunner::runner	INFO	Running command: "C:\\Program Files\\Mozilla Firefox\\firefox.exe" "--marionette" "--remote-debugging-port" "52244" "--remote-allow-hosts" "localhost" "-no-remote" "-profile" "C:\\Users\\Amir\\AppData\\Local\\Temp\\rust_mozprofileQOkHgk"
console.warn: services.settings: Ignoring preference override of remote settings server
console.warn: services.settings: Allow by setting MOZ_REMOTE_SETTINGS_DEVTOOLS=1 in the environment
1678705474975	Marionette	INFO	Marionette enabled
Dynamically enable window occlusion 0
1678705474981	Marionette	INFO	Listening on port 52251
Read port: 52251
WebDriver BiDi listening on ws://127.0.0.1:52244
1678705475155	RemoteAgent	WARN	TLS certificate errors will be ignored for this session
console.warn: SearchSettings: "get: No settings file exists, new profile?" (new NotFoundError("Could not open the file at C:\\Users\\Amir\\AppData\\Local\\Temp\\rust_mozprofileQOkHgk\\search.json.mozlz4", (void 0)))
DevTools listening on ws://127.0.0.1:52244/devtools/browser/980acf0b-4df7-4ee0-801b-a78d03d933b7
JavaScript warning: https://static.cdninstagram.com/rsrc.php/v3if8t4/yO/l/en_US/KtauPKWuhwo.js?_nc_x=Ij3Wp8lg5Kz, line 28: WEBGL_debug_renderer_info is deprecated in Firefox and will be removed. Please use RENDERER.
JavaScript error: https://static.cdninstagram.com/rsrc.php/v3idfH4/yy/l/en_US/A-c1X1sA9cx.js?_nc_x=Ij3Wp8lg5Kz, line 997: Error: not eligible for FB login
JavaScript error: resource://devtools/server/actors/resources/network-events-content.js, line 71: NS_NOINTERFACE: Component returned failure code: 0x80004002 (NS_NOINTERFACE) [nsISupports.QueryInterface]
JavaScript error: resource://gre/modules/AsyncShutdown.sys.mjs, line 576: NotFoundError: No such JSWindowActor 'DevToolsFrame'
JavaScript error: resource://gre/modules/AsyncShutdown.sys.mjs, line 576: NotFoundError: No such JSWindowActor 'DevToolsFrame'
1678705575131	Marionette	INFO	Stopped listening on port 52251
Dynamically enable window occlusion 1
1678705578804	geckodriver	INFO	Listening on 127.0.0.1:52389
1678705581846	mozrunner::runner	INFO	Running command: "C:\\Program Files\\Mozilla Firefox\\firefox.exe" "--marionette" "--remote-debugging-port" "52390" "--remote-allow-hosts" "localhost" "-no-remote" "-profile" "C:\\Users\\Amir\\AppData\\Local\\Temp\\rust_mozprofileGiCIPS"
console.warn: services.settings: Ignoring preference override of remote settings server
console.warn: services.settings: Allow by setting MOZ_REMOTE_SETTINGS_DEVTOOLS=1 in the environment
1678705582231	Marionette	INFO	Marionette enabled
Dynamically enable window occlusion 0
1678705582237	Marionette	INFO	Listening on port 52397
Read port: 52397
WebDriver BiDi listening on ws://127.0.0.1:52390
1678705582410	RemoteAgent	WARN	TLS certificate errors will be ignored for this session
console.warn: SearchSettings: "get: No settings file exists, new profile?" (new NotFoundError("Could not open the file at C:\\Users\\Amir\\AppData\\Local\\Temp\\rust_mozprofileGiCIPS\\search.json.mozlz4", (void 0)))
DevTools listening on ws://127.0.0.1:52390/devtools/browser/0a42149a-42e7-4ded-a18a-d59f8b7d2af7
console.error: Region.sys.mjs: "Error fetching region" (new Error("TIMEOUT", "resource://gre/modules/Region.sys.mjs", 764))
console.error: Region.sys.mjs: "Failed to fetch region" (new Error("TIMEOUT", "resource://gre/modules/Region.sys.mjs", 416))
JavaScript warning: https://static.cdninstagram.com/rsrc.php/v3if8t4/yO/l/en_US/KtauPKWuhwo.js?_nc_x=Ij3Wp8lg5Kz, line 28: WEBGL_debug_renderer_info is deprecated in Firefox and will be removed. Please use RENDERER.
JavaScript error: https://static.cdninstagram.com/rsrc.php/v3idfH4/yy/l/en_US/A-c1X1sA9cx.js?_nc_x=Ij3Wp8lg5Kz, line 997: Error: not eligible for FB login
console.warn: LoginRecipes: "Falling back to a synchronous message for: https://www.instagram.com."
console.warn: LoginRecipes: "Falling back to a synchronous message for: https://www.instagram.com."
1678705596903	Marionette	INFO	Stopped listening on port 52397
Dynamically enable window occlusion 1
console.error: (new TypeError("NetworkError: Network request failed", "resource://services-settings/Utils.jsm", 237))
WARNING: A blocker encountered an error while we were waiting.
          Blocker:  Waiting for ping task
          Phase: TelemetryController: Waiting for pending ping activity
          State: (none)
WARNING: Error: Phase "profile-before-change" is finished, it is too late to register completion condition "OS.File: flush I/O queued before profileBeforeChange"
WARNING: addBlocker@resource://gre/modules/AsyncShutdown.sys.mjs:727:15
addBlocker@resource://gre/modules/AsyncShutdown.sys.mjs:523:26
addBlocker@resource://gre/modules/AsyncShutdown.sys.mjs:458:15
setupShutdown@resource://gre/modules/osfile/osfile_async_front.jsm:1548:28
@resource://gre/modules/osfile/osfile_async_front.jsm:1568:16
@resource://gre/modules/osfile.jsm:12:30
@resource://gre/modules/TelemetryStorage.sys.mjs:10:28
_checkPendingPings@resource://gre/modules/TelemetrySend.sys.mjs:863:17
setup@resource://gre/modules/TelemetrySend.sys.mjs:803:18
setup@resource://gre/modules/TelemetrySend.sys.mjs:241:30
setupTelemetry/this._delayedInitTask<@resource://gre/modules/TelemetryControllerParent.sys.mjs:829:36
observe@resource://gre/modules/AsyncShutdown.sys.mjs:576:16

WARNING: A blocker encountered an error while we were waiting.
          Blocker:  Waiting for ping task
          Phase: TelemetryController: Waiting for pending ping activity
          State: (none)
WARNING: Error: Phase "profile-before-change" is finished, it is too late to register completion condition "OS.File: flush I/O queued before profileBeforeChange"
WARNING: addBlocker@resource://gre/modules/AsyncShutdown.sys.mjs:727:15
addBlocker@resource://gre/modules/AsyncShutdown.sys.mjs:523:26
addBlocker@resource://gre/modules/AsyncShutdown.sys.mjs:458:15
setupShutdown@resource://gre/modules/osfile/osfile_async_front.jsm:1548:28
@resource://gre/modules/osfile/osfile_async_front.jsm:1568:16
@resource://gre/modules/osfile.jsm:12:30
@resource://gre/modules/TelemetryStorage.sys.mjs:10:28
_checkPendingPings@resource://gre/modules/TelemetrySend.sys.mjs:863:17
setup@resource://gre/modules/TelemetrySend.sys.mjs:803:18
setup@resource://gre/modules/TelemetrySend.sys.mjs:241:30
setupTelemetry/this._delayedInitTask<@resource://gre/modules/TelemetryControllerParent.sys.mjs:829:36
observe@resource://gre/modules/AsyncShutdown.sys.mjs:576:16

WARNING: A blocker encountered an error while we were waiting.
          Blocker:  Waiting for ping task
          Phase: TelemetryController: Waiting for pending ping activity
          State: (none)
WARNING: Error: Phase "profile-before-change" is finished, it is too late to register completion condition "OS.File: flush I/O queued before profileBeforeChange"
WARNING: addBlocker@resource://gre/modules/AsyncShutdown.sys.mjs:727:15
addBlocker@resource://gre/modules/AsyncShutdown.sys.mjs:523:26
addBlocker@resource://gre/modules/AsyncShutdown.sys.mjs:458:15
setupShutdown@resource://gre/modules/osfile/osfile_async_front.jsm:1548:28
@resource://gre/modules/osfile/osfile_async_front.jsm:1568:16
@resource://gre/modules/osfile.jsm:12:30
@resource://gre/modules/TelemetryStorage.sys.mjs:10:28
_checkPendingPings@resource://gre/modules/TelemetrySend.sys.mjs:863:17
setup@resource://gre/modules/TelemetrySend.sys.mjs:803:18
setup@resource://gre/modules/TelemetrySend.sys.mjs:241:30
setupTelemetry/this._delayedInitTask<@resource://gre/modules/TelemetryControllerParent.sys.mjs:829:36
observe@resource://gre/modules/AsyncShutdown.sys.mjs:576:16

WARNING: A blocker encountered an error while we were waiting.
          Blocker:  TelemetryController: shutting down
          Phase: profile-before-change-telemetry
          State: Error getting state: Error: Phase "profile-before-change" is finished, it is too late to register completion condition "OS.File: flush I/O queued before profileBeforeChange" at addBlocker@resource://gre/modules/AsyncShutdown.sys.mjs:727:15
addBlocker@resource://gre/modules/AsyncShutdown.sys.mjs:523:26
addBlocker@resource://gre/modules/AsyncShutdown.sys.mjs:458:15
setupShutdown@resource://gre/modules/osfile/osfile_async_front.jsm:1548:28
@resource://gre/modules/osfile/osfile_async_front.jsm:1568:16
@resource://gre/modules/osfile.jsm:12:30
@resource://gre/modules/TelemetryStorage.sys.mjs:10:28
_checkPendingPings@resource://gre/modules/TelemetrySend.sys.mjs:863:17
setup@resource://gre/modules/TelemetrySend.sys.mjs:803:18
setup@resource://gre/modules/TelemetrySend.sys.mjs:241:30
setupTelemetry/this._delayedInitTask<@resource://gre/modules/TelemetryControllerParent.sys.mjs:829:36
observe@resource://gre/modules/AsyncShutdown.sys.mjs:576:16

WARNING: Error: Phase "profile-before-change" is finished, it is too late to register completion condition "OS.File: flush I/O queued before profileBeforeChange"
WARNING: addBlocker@resource://gre/modules/AsyncShutdown.sys.mjs:727:15
addBlocker@resource://gre/modules/AsyncShutdown.sys.mjs:523:26
addBlocker@resource://gre/modules/AsyncShutdown.sys.mjs:458:15
setupShutdown@resource://gre/modules/osfile/osfile_async_front.jsm:1548:28
@resource://gre/modules/osfile/osfile_async_front.jsm:1568:16
@resource://gre/modules/osfile.jsm:12:30
@resource://gre/modules/TelemetryStorage.sys.mjs:10:28
_checkPendingPings@resource://gre/modules/TelemetrySend.sys.mjs:863:17
setup@resource://gre/modules/TelemetrySend.sys.mjs:803:18
setup@resource://gre/modules/TelemetrySend.sys.mjs:241:30
setupTelemetry/this._delayedInitTask<@resource://gre/modules/TelemetryControllerParent.sys.mjs:829:36
observe@resource://gre/modules/AsyncShutdown.sys.mjs:576:16

JavaScript error: resource://gre/modules/AsyncShutdown.sys.mjs, line 727: Error: Phase "profile-before-change" is finished, it is too late to register completion condition "OS.File: flush I/O queued before profileBeforeChange"
JavaScript error: resource://gre/modules/AsyncShutdown.sys.mjs, line 727: Error: Phase "profile-before-change" is finished, it is too late to register completion condition "OS.File: flush I/O queued before profileBeforeChange"
JavaScript error: resource://gre/modules/AsyncShutdown.sys.mjs, line 727: Error: Phase "profile-before-change" is finished, it is too late to register completion condition "OS.File: flush I/O queued before profileBeforeChange"
JavaScript error: resource://gre/modules/AsyncShutdown.sys.mjs, line 727: Error: Phase "profile-before-change" is finished, it is too late to register completion condition "OS.File: flush I/O queued before profileBeforeChange"
JavaScript error: resource://gre/modules/AsyncShutdown.sys.mjs, line 727: Error: Phase "profile-before-change" is finished, it is too late to register completion condition "OS.File: flush I/O queued before profileBeforeChange"
JavaScript error: resource://gre/modules/AsyncShutdown.sys.mjs, line 727: Error: Phase "profile-before-change" is finished, it is too late to register completion condition "OS.File: flush I/O queued before profileBeforeChange"
[Parent 10880, IPC I/O Parent] WARNING: pipe error: 232: file /builds/worker/checkouts/gecko/ipc/chromium/src/chrome/common/ipc_channel_win.cc:583
1678706083935	geckodriver	INFO	Listening on 127.0.0.1:52703
1678706086988	mozrunner::runner	INFO	Running command: "C:\\Program Files\\Mozilla Firefox\\firefox.exe" "--marionette" "--remote-debugging-port" "52704" "--remote-allow-hosts" "localhost" "-no-remote" "-profile" "C:\\Users\\Amir\\AppData\\Local\\Temp\\rust_mozprofilec1MjQa"
console.warn: services.settings: Ignoring preference override of remote settings server
console.warn: services.settings: Allow by setting MOZ_REMOTE_SETTINGS_DEVTOOLS=1 in the environment
1678706087420	Marionette	INFO	Marionette enabled
Dynamically enable window occlusion 0
1678706087427	Marionette	INFO	Listening on port 52713
Read port: 52713
WebDriver BiDi listening on ws://127.0.0.1:52704
1678706087599	RemoteAgent	WARN	TLS certificate errors will be ignored for this session
console.warn: SearchSettings: "get: No settings file exists, new profile?" (new NotFoundError("Could not open the file at C:\\Users\\Amir\\AppData\\Local\\Temp\\rust_mozprofilec1MjQa\\search.json.mozlz4", (void 0)))
DevTools listening on ws://127.0.0.1:52704/devtools/browser/bb6b4c83-942e-4802-9a1f-c97ede382596
JavaScript warning: https://static.cdninstagram.com/rsrc.php/v3if8t4/yO/l/en_US/KtauPKWuhwo.js?_nc_x=Ij3Wp8lg5Kz, line 28: WEBGL_debug_renderer_info is deprecated in Firefox and will be removed. Please use RENDERER.
JavaScript error: https://static.cdninstagram.com/rsrc.php/v3idfH4/yy/l/en_US/A-c1X1sA9cx.js?_nc_x=Ij3Wp8lg5Kz, line 997: Error: not eligible for FB login
console.warn: LoginRecipes: "Falling back to a synchronous message for: https://www.instagram.com."
1678706100936	Marionette	INFO	Stopped listening on port 52713
Dynamically enable window occlusion 1
WARNING: A blocker encountered an error while we were waiting.
          Blocker:  Waiting for ping task
          Phase: TelemetryController: Waiting for pending ping activity
          State: (none)
WARNING: Error: Phase "profile-before-change" is finished, it is too late to register completion condition "OS.File: flush I/O queued before profileBeforeChange"
WARNING: addBlocker@resource://gre/modules/AsyncShutdown.sys.mjs:727:15
addBlocker@resource://gre/modules/AsyncShutdown.sys.mjs:523:26
addBlocker@resource://gre/modules/AsyncShutdown.sys.mjs:458:15
setupShutdown@resource://gre/modules/osfile/osfile_async_front.jsm:1548:28
@resource://gre/modules/osfile/osfile_async_front.jsm:1568:16
@resource://gre/modules/osfile.jsm:12:30
@resource://gre/modules/TelemetryStorage.sys.mjs:10:28
_checkPendingPings@resource://gre/modules/TelemetrySend.sys.mjs:863:17
setup@resource://gre/modules/TelemetrySend.sys.mjs:803:18
setup@resource://gre/modules/TelemetrySend.sys.mjs:241:30
setupTelemetry/this._delayedInitTask<@resource://gre/modules/TelemetryControllerParent.sys.mjs:829:36
observe@resource://gre/modules/AsyncShutdown.sys.mjs:576:16

WARNING: A blocker encountered an error while we were waiting.
          Blocker:  Waiting for ping task
          Phase: TelemetryController: Waiting for pending ping activity
          State: (none)
WARNING: Error: Phase "profile-before-change" is finished, it is too late to register completion condition "OS.File: flush I/O queued before profileBeforeChange"
WARNING: addBlocker@resource://gre/modules/AsyncShutdown.sys.mjs:727:15
addBlocker@resource://gre/modules/AsyncShutdown.sys.mjs:523:26
addBlocker@resource://gre/modules/AsyncShutdown.sys.mjs:458:15
setupShutdown@resource://gre/modules/osfile/osfile_async_front.jsm:1548:28
@resource://gre/modules/osfile/osfile_async_front.jsm:1568:16
@resource://gre/modules/osfile.jsm:12:30
@resource://gre/modules/TelemetryStorage.sys.mjs:10:28
_checkPendingPings@resource://gre/modules/TelemetrySend.sys.mjs:863:17
setup@resource://gre/modules/TelemetrySend.sys.mjs:803:18
setup@resource://gre/modules/TelemetrySend.sys.mjs:241:30
setupTelemetry/this._delayedInitTask<@resource://gre/modules/TelemetryControllerParent.sys.mjs:829:36
observe@resource://gre/modules/AsyncShutdown.sys.mjs:576:16

WARNING: A blocker encountered an error while we were waiting.
          Blocker:  Waiting for ping task
          Phase: TelemetryController: Waiting for pending ping activity
          State: (none)
WARNING: Error: Phase "profile-before-change" is finished, it is too late to register completion condition "OS.File: flush I/O queued before profileBeforeChange"
WARNING: addBlocker@resource://gre/modules/AsyncShutdown.sys.mjs:727:15
addBlocker@resource://gre/modules/AsyncShutdown.sys.mjs:523:26
addBlocker@resource://gre/modules/AsyncShutdown.sys.mjs:458:15
setupShutdown@resource://gre/modules/osfile/osfile_async_front.jsm:1548:28
@resource://gre/modules/osfile/osfile_async_front.jsm:1568:16
@resource://gre/modules/osfile.jsm:12:30
@resource://gre/modules/TelemetryStorage.sys.mjs:10:28
_checkPendingPings@resource://gre/modules/TelemetrySend.sys.mjs:863:17
setup@resource://gre/modules/TelemetrySend.sys.mjs:803:18
setup@resource://gre/modules/TelemetrySend.sys.mjs:241:30
setupTelemetry/this._delayedInitTask<@resource://gre/modules/TelemetryControllerParent.sys.mjs:829:36
observe@resource://gre/modules/AsyncShutdown.sys.mjs:576:16

WARNING: A blocker encountered an error while we were waiting.
          Blocker:  TelemetryController: shutting down
          Phase: profile-before-change-telemetry
          State: Error getting state: Error: Phase "profile-before-change" is finished, it is too late to register completion condition "OS.File: flush I/O queued before profileBeforeChange" at addBlocker@resource://gre/modules/AsyncShutdown.sys.mjs:727:15
addBlocker@resource://gre/modules/AsyncShutdown.sys.mjs:523:26
addBlocker@resource://gre/modules/AsyncShutdown.sys.mjs:458:15
setupShutdown@resource://gre/modules/osfile/osfile_async_front.jsm:1548:28
@resource://gre/modules/osfile/osfile_async_front.jsm:1568:16
@resource://gre/modules/osfile.jsm:12:30
@resource://gre/modules/TelemetryStorage.sys.mjs:10:28
_checkPendingPings@resource://gre/modules/TelemetrySend.sys.mjs:863:17
setup@resource://gre/modules/TelemetrySend.sys.mjs:803:18
setup@resource://gre/modules/TelemetrySend.sys.mjs:241:30
setupTelemetry/this._delayedInitTask<@resource://gre/modules/TelemetryControllerParent.sys.mjs:829:36
observe@resource://gre/modules/AsyncShutdown.sys.mjs:576:16

WARNING: Error: Phase "profile-before-change" is finished, it is too late to register completion condition "OS.File: flush I/O queued before profileBeforeChange"
WARNING: addBlocker@resource://gre/modules/AsyncShutdown.sys.mjs:727:15
addBlocker@resource://gre/modules/AsyncShutdown.sys.mjs:523:26
addBlocker@resource://gre/modules/AsyncShutdown.sys.mjs:458:15
setupShutdown@resource://gre/modules/osfile/osfile_async_front.jsm:1548:28
@resource://gre/modules/osfile/osfile_async_front.jsm:1568:16
@resource://gre/modules/osfile.jsm:12:30
@resource://gre/modules/TelemetryStorage.sys.mjs:10:28
_checkPendingPings@resource://gre/modules/TelemetrySend.sys.mjs:863:17
setup@resource://gre/modules/TelemetrySend.sys.mjs:803:18
setup@resource://gre/modules/TelemetrySend.sys.mjs:241:30
setupTelemetry/this._delayedInitTask<@resource://gre/modules/TelemetryControllerParent.sys.mjs:829:36
observe@resource://gre/modules/AsyncShutdown.sys.mjs:576:16

JavaScript error: resource://gre/modules/AsyncShutdown.sys.mjs, line 727: Error: Phase "profile-before-change" is finished, it is too late to register completion condition "OS.File: flush I/O queued before profileBeforeChange"
JavaScript error: resource://gre/modules/AsyncShutdown.sys.mjs, line 727: Error: Phase "profile-before-change" is finished, it is too late to register completion condition "OS.File: flush I/O queued before profileBeforeChange"
JavaScript error: resource://gre/modules/AsyncShutdown.sys.mjs, line 727: Error: Phase "profile-before-change" is finished, it is too late to register completion condition "OS.File: flush I/O queued before profileBeforeChange"
JavaScript error: resource://gre/modules/AsyncShutdown.sys.mjs, line 727: Error: Phase "profile-before-change" is finished, it is too late to register completion condition "OS.File: flush I/O queued before profileBeforeChange"
JavaScript error: resource://gre/modules/AsyncShutdown.sys.mjs, line 727: Error: Phase "profile-before-change" is finished, it is too late to register completion condition "OS.File: flush I/O queued before profileBeforeChange"
JavaScript error: resource://gre/modules/AsyncShutdown.sys.mjs, line 727: Error: Phase "profile-before-change" is finished, it is too late to register completion condition "OS.File: flush I/O queued before profileBeforeChange"
